Performing C SOURCE FILE Test CMAKE_HAVE_LIBC_PTHREAD failed with the following output:
Change Dir: /home/johnny/CLionProjects/AirlineManagementProgram/cmake-build-debug/CMakeFiles/CMakeTmp

Run Build Command(s):/usr/bin/make -f Makefile cmTC_980da/fast && /usr/bin/make  -f CMakeFiles/cmTC_980da.dir/build.make CMakeFiles/cmTC_980da.dir/build
make[1]: Entering directory '/home/johnny/CLionProjects/AirlineManagementProgram/cmake-build-debug/CMakeFiles/CMakeTmp'
Building C object CMakeFiles/cmTC_980da.dir/src.c.o
/usr/bin/cc -DCMAKE_HAVE_LIBC_PTHREAD   -o CMakeFiles/cmTC_980da.dir/src.c.o -c /home/johnny/CLionProjects/AirlineManagementProgram/cmake-build-debug/CMakeFiles/CMakeTmp/src.c
Linking C executable cmTC_980da
/snap/clion/178/bin/cmake/linux/bin/cmake -E cmake_link_script CMakeFiles/cmTC_980da.dir/link.txt --verbose=1
/usr/bin/cc CMakeFiles/cmTC_980da.dir/src.c.o -o cmTC_980da 
/usr/bin/ld: CMakeFiles/cmTC_980da.dir/src.c.o: in function `main':
src.c:(.text+0x46): undefined reference to `pthread_create'
/usr/bin/ld: src.c:(.text+0x52): undefined reference to `pthread_detach'
/usr/bin/ld: src.c:(.text+0x5e): undefined reference to `pthread_cancel'
/usr/bin/ld: src.c:(.text+0x6f): undefined reference to `pthread_join'
collect2: error: ld returned 1 exit status
make[1]: *** [CMakeFiles/cmTC_980da.dir/build.make:99: cmTC_980da] Error 1
make[1]: Leaving directory '/home/johnny/CLionProjects/AirlineManagementProgram/cmake-build-debug/CMakeFiles/CMakeTmp'
make: *** [Makefile:127: cmTC_980da/fast] Error 2


Source file was:
#include <pthread.h>

static void* test_func(void* data)
{
  return data;
}

int main(void)
{
  pthread_t thread;
  pthread_create(&thread, NULL, test_func, NULL);
  pthread_detach(thread);
  pthread_cancel(thread);
  pthread_join(thread, NULL);
  pthread_atfork(NULL, NULL, NULL);
  pthread_exit(NULL);

  return 0;
}

Determining if the function pthread_create exists in the pthreads failed with the following output:
Change Dir: /home/johnny/CLionProjects/AirlineManagementProgram/cmake-build-debug/CMakeFiles/CMakeTmp

Run Build Command(s):/usr/bin/make -f Makefile cmTC_6fcba/fast && /usr/bin/make  -f CMakeFiles/cmTC_6fcba.dir/build.make CMakeFiles/cmTC_6fcba.dir/build
make[1]: Entering directory '/home/johnny/CLionProjects/AirlineManagementProgram/cmake-build-debug/CMakeFiles/CMakeTmp'
Building C object CMakeFiles/cmTC_6fcba.dir/CheckFunctionExists.c.o
/usr/bin/cc   -DCHECK_FUNCTION_EXISTS=pthread_create -o CMakeFiles/cmTC_6fcba.dir/CheckFunctionExists.c.o -c /snap/clion/178/bin/cmake/linux/share/cmake-3.21/Modules/CheckFunctionExists.c
Linking C executable cmTC_6fcba
/snap/clion/178/bin/cmake/linux/bin/cmake -E cmake_link_script CMakeFiles/cmTC_6fcba.dir/link.txt --verbose=1
/usr/bin/cc  -DCHECK_FUNCTION_EXISTS=pthread_create CMakeFiles/cmTC_6fcba.dir/CheckFunctionExists.c.o -o cmTC_6fcba  -lpthreads 
/usr/bin/ld: cannot find -lpthreads
collect2: error: ld returned 1 exit status
make[1]: *** [CMakeFiles/cmTC_6fcba.dir/build.make:99: cmTC_6fcba] Error 1
make[1]: Leaving directory '/home/johnny/CLionProjects/AirlineManagementProgram/cmake-build-debug/CMakeFiles/CMakeTmp'
make: *** [Makefile:127: cmTC_6fcba/fast] Error 2



